[Bootstrap]
SetupTitle=Install
SetupText=Copying Files, please stand by.
CabFile=Thinkify.CAB
Spawn=Setup1.exe
Uninstal=st6unst.exe
TmpDir=msftqws.pdw
Cabs=1

[Bootstrap Files]
File1=@VB6STKIT.DLL,$(WinSysPathSysFile),,,7/15/00 12:00:00 AM,101888,6.0.84.50
File2=@COMCAT.DLL,$(WinSysPathSysFile),$(DLLSelfRegister),,5/30/98 11:00:00 PM,22288,4.71.1460.1
File3=@ASYCFILT.DLL,$(WinSysPathSysFile),,,3/7/99 11:00:00 PM,147728,2.40.4275.1
File4=@OLEPRO32.DLL,$(WinSysPathSysFile),$(DLLSelfRegister),,3/7/99 11:00:00 PM,164112,5.0.4275.1
File5=@OLEAUT32.DLL,$(WinSysPathSysFile),$(DLLSelfRegister),,4/11/00 11:00:00 PM,598288,2.40.4275.1
File6=@STDOLE2.TLB,$(WinSysPathSysFile),$(TLBRegister),,6/2/99 11:00:00 PM,17920,2.40.4275.1
File7=@msvbvm60.dll,$(WinSysPathSysFile),$(DLLSelfRegister),,4/13/08 4:12:00 PM,1384479,6.0.98.2

[IconGroups]
Group0=Thinkify
PrivateGroup0=0
Parent0=$(Programs)

[Thinkify]
Icon1="Thinkify.exe"
Title1=Thinkify Reader Demo
StartIn1=$(AppPath)

[Setup]
Title=Thinkify Reader Demo
DefaultDir=$(ProgramFiles)\Thinkify
AppExe=Thinkify.exe
AppToUninstall=Thinkify.exe

[Setup1 Files]
File1=@defaults.ini,$(AppPath),,,2/1/11 3:17:17 PM,157,0.0.0.0
File2=@comdlg32.ocx,$(WinSysPath),$(DLLSelfRegister),$(Shared),3/9/04 1:00:00 AM,152848,6.1.97.82
File3=@MSMASK32.OCX,$(WinSysPath),$(DLLSelfRegister),$(Shared),3/8/04 11:00:00 PM,167968,6.0.84.18
File4=@COMCT332.OCX,$(WinSysPath),$(DLLSelfRegister),$(Shared),3/8/04 11:00:00 PM,416528,6.7.0.9782
File5=@mscomct2.ocx,$(WinSysPath),$(DLLSelfRegister),$(Shared),10/10/08 1:36:32 PM,656200,6.1.98.12
File6=@MSCOMCTL.OCX,$(WinSysPath),$(DLLSelfRegister),$(Shared),3/8/04 11:00:00 PM,1081616,6.1.97.82
File7=@tabctl32.ocx,$(WinSysPath),$(DLLSelfRegister),$(Shared),3/9/04 1:00:00 AM,224016,6.1.97.82
File8=@MSCOMM32.OCX,$(WinSysPath),$(DLLSelfRegister),$(Shared),6/23/06 12:22:58 PM,103744,6.0.81.69
File9=@MSVCRT.DLL,$(WinSysPathSysFile),,,2/16/04 11:00:00 PM,278581,6.0.9782.0
File10=@scrrun.dll,$(WinSysPath),$(DLLSelfRegister),$(Shared),5/9/08 2:53:40 AM,172032,5.7.0.18066
File11=@Thinkify.exe,$(AppPath),,,2/1/11 3:17:29 PM,237568,1.0.0.25

; The following lines may be deleted in order to obtain extra 
; space for customizing this file on a full installation diskette.
; 
; XXXXXXXXXXXXXXXXXXXXXXXXXXXXXXXXXXXXXXXXXXXXXXXXXXXXXXXXXXXX
; XXXXXXXXXXXXXXXXXXXXXXXXXXXXXXXXXXXXXXXXXXXXXXXXXXXXXXXXXXXX
; XXXXXXXXXXXXXXXXXXXXXXXXXXXXXXXXXXXXXXXXXXXXXXXXXXXXXXXXXXXX
; XXXXXXXXXXXXXXXXXXXXXXXXXXXXXXXXXXXXXXXXXXXXXXXXXXXXXXXXXXXX
; XXXXXXXXXXXXXXXXXXXXXXXXXXXXXXXXXXXXXXXXXXXXXXXXXXXXXXXXXXXX
; XXXXXXXXXXXXXXXXXXXXXXXXXXXXXXXXXXXXXXXXXXXXXXXXXXXXXXXXXXXX
; XXXXXXXXXXXXXXXXXXXXXXXXXXXXXXXXXXXXXXXXXXXXXXXXXXXXXXXXXXXX
; XXXXXXXXXXXXXXXXXXXXXXXXXXXXXXXXXXXXXXXXXXXXXXXXXXXXXXXXXXXX
; XXXXXXXXXXXXXXXXXXXXXXXXXXXXXXXXXXXXXXXXXXXXXXXXXXXXXXXXXXXX
; XXXXXXXXXXXXXXXXXXXXXXXXXXXXXXXXXXXXXXXXXXXXXXXXXXXXXXXXXXXX
; XXXXXXXXXXXXXXXXXXXXXXXXXXXXXXXXXXXXXXXXXXXXXXXXXXXXXXXXXXXX
; XXXXXXXXXXXXXXXXXXXXXXXXXXXXXXXXXXXXXXXXXXXXXXXXXXXXXXXXXXXX
; XXXXXXXXXXXXXXXXXXXXXXXXXXXXXXXXXXXXXXXXXXXXXXXXXXXXXXXXXXXX
; XXXXXXXXXXXXXXXXXXXXXXXXXXXXXXXXXXXXXXXXXXXXXXXXXXXXXXXXXXXX
; XXXXXXXXXXXXXXXXXXXXXXXXXXXXXXXXXXXXXXXXXXXXXXXXXXXXXXXXXXXX
; XXXXXXXXXXXXXXXXXXXXXXXXXXXXXXXXXXXXXXXXXXXXXXXXXXXXXXXXXXXX
; XXXXXXXXXXXXXXXXXXXXXXXXXXXXXXXXXXXXXXXXXXXXXXXXXXXXXXXXXXXX
; XXXXXXXXXXXXXXXXXXXXXXXXXXXXXXXXXXXXXXXXXXXXXXXXXXXXXXXXXXXX
; XXXXXXXXXXXXXXXXXXXXXXXXXXXXXXXXXXXXXXXXXXXXXXXXXXXXXXXXXXXX
; XXXXXXXXXXXXXXXXXXXXXXXXXXXXXXXXXXXXXXXXXXXXXXXXXXXXXXXXXXXX
; XXXXXXXXXXXXXXXXXXXXXXXXXXXXXXXXXXXXXXXXXXXXXXXXXXXXXXXXXXXX
; XXXXXXXXXXXXXXXXXXXXXXXXXXXXXXXXXXXXXXXXXXXXXXXXXXXXXXXXXXXX
; XXXXXXXXXXXXXXXXXXXXXXXXXXXXXXXXXXXXXXXXXXXXXXXXXXXXXXXXXXXX
; XXXXXXXXXXXXXXXXXXXXXXXXXXXXXXXXXXXXXXXXXXXXXXXXXXXXXXXXXXXX
; XXXXXXXXXXXXXXXXXXXXXXXXXXXXXXXXXXXXXXXXXXXXXXXXXXXXXXXXXXXX
; XXXXXXXXXXXXXXXXXXXXXXXXXXXXXXXXXXXXXXXXXXXXXXXXXXXXXXXXXXXX
; XXXXXXXXXXXXXXXXXXXXXXXXXXXXXXXXXXXXXXXXXXXXXXXXXXXXXXXXXXXX
; XXXXXXXXXXXXXXXXXXXXXXXXXXXXXXXXXXXXXXXXXXXXXXXXXXXXXXXXXXXX
; XXXXXXXXXXXXXXXXXXXXXXXXXXXXXXXXXXXXXXXXXXXXXXXXXXXXXXXXXXXX
; XXXXXXXXXXXXXXXXXXXXXXXXXXXXXXXXXXXXXXXXXXXXXXXXXXXXXXXXXXXX
; XXXXXXXXXXXXXXXXXXXXXXXXXXXXXXXXXXXXXXXXXXXXXXXXXXXXXXXXXXXX
; XXXXXXXXXXXXXXXXXXXXXXXXXXXXXXXXXXXXXXXXXXXXXXXXXXXXXXXXXXXX
; XXXXXXXXXXXXXXXXXXXXXXXXXXXXXXXXXXXXXXXXXXXXXXXXXXXXXXXXXXXX
; XXXXXXXXXXXXXXXXXXXXXXXXXXXXXXXXXXXXXXXXXXXXXXXXXXXXXXXXXXXX
; XXXXXXXXXXXXXXXXXXXXXXXXXXXXXXXXXXXXXXXXXXXXXXXXXXXXXXXXXXXX
